{"level":30,"time":1761990474433,"pid":56104,"hostname":"Ajexs-MacBook-Air.local","msg":"Cron jobs initialized"}
{"level":30,"time":1761990475111,"pid":56104,"hostname":"Ajexs-MacBook-Air.local","msg":"MongoDB connected successfully"}
{"level":30,"time":1761990475113,"pid":56104,"hostname":"Ajexs-MacBook-Air.local","msg":"Server started successfully"}
{"level":30,"time":1761990486647,"pid":56184,"hostname":"Ajexs-MacBook-Air.local","msg":"Cron jobs initialized"}
{"level":30,"time":1761990487269,"pid":56184,"hostname":"Ajexs-MacBook-Air.local","msg":"MongoDB connected successfully"}
{"level":30,"time":1761990487277,"pid":56184,"hostname":"Ajexs-MacBook-Air.local","msg":"Server started successfully"}
{"level":30,"time":1761990555753,"pid":56607,"hostname":"Ajexs-MacBook-Air.local","msg":"Cron jobs initialized"}
{"level":30,"time":1761990556581,"pid":56607,"hostname":"Ajexs-MacBook-Air.local","msg":"MongoDB connected successfully"}
{"level":30,"time":1761990556584,"pid":56607,"hostname":"Ajexs-MacBook-Air.local","msg":"Server started successfully"}
{"level":30,"time":1761991344586,"pid":59930,"hostname":"Ajexs-MacBook-Air.local","msg":"Cron jobs initialized"}
{"level":30,"time":1761991372549,"pid":60109,"hostname":"Ajexs-MacBook-Air.local","msg":"Cron jobs initialized"}
{"level":30,"time":1761991376270,"pid":60109,"hostname":"Ajexs-MacBook-Air.local","msg":"MongoDB connected successfully"}
{"level":30,"time":1761991376273,"pid":60109,"hostname":"Ajexs-MacBook-Air.local","msg":"Server started successfully"}
{"level":30,"time":1761991417758,"pid":60365,"hostname":"Ajexs-MacBook-Air.local","msg":"Cron jobs initialized"}
{"level":30,"time":1761991418321,"pid":60365,"hostname":"Ajexs-MacBook-Air.local","msg":"MongoDB connected successfully"}
{"level":30,"time":1761991418323,"pid":60365,"hostname":"Ajexs-MacBook-Air.local","msg":"Server started successfully"}
{"level":50,"time":1761991425836,"pid":60365,"hostname":"Ajexs-MacBook-Air.local","msg":"test"}
{"level":50,"time":1761991425840,"pid":60365,"hostname":"Ajexs-MacBook-Air.local","msg":"test"}
{"level":50,"time":1761991425854,"pid":60365,"hostname":"Ajexs-MacBook-Air.local","msg":"test"}
{"level":30,"time":1765697801972,"pid":68436,"hostname":"Ajexs-MacBook-Air.local","msg":"Cron jobs initialized"}
{"level":50,"time":1765697801982,"pid":68436,"hostname":"Ajexs-MacBook-Air.local","msg":"Redis connection error: AggregateError"}
{"level":50,"time":1765697802034,"pid":68436,"hostname":"Ajexs-MacBook-Air.local","msg":"Redis connection error: AggregateError"}
{"level":50,"time":1765697802136,"pid":68436,"hostname":"Ajexs-MacBook-Air.local","msg":"Redis connection error: AggregateError"}
{"level":50,"time":1765697802288,"pid":68436,"hostname":"Ajexs-MacBook-Air.local","msg":"Redis connection error: AggregateError"}
{"level":30,"time":1765697802484,"pid":68436,"hostname":"Ajexs-MacBook-Air.local","msg":"connected to monogoDB successfully"}
{"level":30,"time":1765697802486,"pid":68436,"hostname":"Ajexs-MacBook-Air.local","msg":"Server started successfully"}
{"level":50,"time":1765697802495,"pid":68436,"hostname":"Ajexs-MacBook-Air.local","msg":"Redis connection error: AggregateError"}
{"level":50,"time":1765697802746,"pid":68436,"hostname":"Ajexs-MacBook-Air.local","msg":"Redis connection error: AggregateError"}
{"level":50,"time":1765697803049,"pid":68436,"hostname":"Ajexs-MacBook-Air.local","msg":"Redis connection error: AggregateError"}
{"level":50,"time":1765697803401,"pid":68436,"hostname":"Ajexs-MacBook-Air.local","msg":"Redis connection error: AggregateError"}
{"level":50,"time":1765697803804,"pid":68436,"hostname":"Ajexs-MacBook-Air.local","msg":"Redis connection error: AggregateError"}
{"level":50,"time":1765697804259,"pid":68436,"hostname":"Ajexs-MacBook-Air.local","msg":"Redis connection error: AggregateError"}
{"level":50,"time":1765697804761,"pid":68436,"hostname":"Ajexs-MacBook-Air.local","msg":"Redis connection error: AggregateError"}
{"level":50,"time":1765697805314,"pid":68436,"hostname":"Ajexs-MacBook-Air.local","msg":"Redis connection error: AggregateError"}
{"level":50,"time":1765697805918,"pid":68436,"hostname":"Ajexs-MacBook-Air.local","msg":"Redis connection error: AggregateError"}
{"level":50,"time":1765697806572,"pid":68436,"hostname":"Ajexs-MacBook-Air.local","msg":"Redis connection error: AggregateError"}
{"level":50,"time":1765697807274,"pid":68436,"hostname":"Ajexs-MacBook-Air.local","msg":"Redis connection error: AggregateError"}
{"level":50,"time":1765697808026,"pid":68436,"hostname":"Ajexs-MacBook-Air.local","msg":"Redis connection error: AggregateError"}
{"level":50,"time":1765697808828,"pid":68436,"hostname":"Ajexs-MacBook-Air.local","msg":"Redis connection error: AggregateError"}
{"level":50,"time":1765697809680,"pid":68436,"hostname":"Ajexs-MacBook-Air.local","msg":"Redis connection error: AggregateError"}
{"level":50,"time":1765697810582,"pid":68436,"hostname":"Ajexs-MacBook-Air.local","msg":"Redis connection error: AggregateError"}
{"level":50,"time":1765697811536,"pid":68436,"hostname":"Ajexs-MacBook-Air.local","msg":"Redis connection error: AggregateError"}
{"level":50,"time":1765697812539,"pid":68436,"hostname":"Ajexs-MacBook-Air.local","msg":"Redis connection error: AggregateError"}
{"level":50,"time":1765697813590,"pid":68436,"hostname":"Ajexs-MacBook-Air.local","msg":"Redis connection error: AggregateError"}
{"level":50,"time":1765697814692,"pid":68436,"hostname":"Ajexs-MacBook-Air.local","msg":"Redis connection error: AggregateError"}
{"level":50,"time":1765697815844,"pid":68436,"hostname":"Ajexs-MacBook-Air.local","msg":"Redis connection error: AggregateError"}
{"level":50,"time":1765697817050,"pid":68436,"hostname":"Ajexs-MacBook-Air.local","msg":"Redis connection error: AggregateError"}
{"level":50,"time":1765697818302,"pid":68436,"hostname":"Ajexs-MacBook-Air.local","msg":"Redis connection error: AggregateError"}
{"level":50,"time":1765697819605,"pid":68436,"hostname":"Ajexs-MacBook-Air.local","msg":"Redis connection error: AggregateError"}
{"level":50,"time":1765697820958,"pid":68436,"hostname":"Ajexs-MacBook-Air.local","msg":"Redis connection error: AggregateError"}
{"level":50,"time":1765697822360,"pid":68436,"hostname":"Ajexs-MacBook-Air.local","msg":"Redis connection error: AggregateError"}
{"level":50,"time":1765697823813,"pid":68436,"hostname":"Ajexs-MacBook-Air.local","msg":"Redis connection error: AggregateError"}
{"level":50,"time":1765697825315,"pid":68436,"hostname":"Ajexs-MacBook-Air.local","msg":"Redis connection error: AggregateError"}
{"level":50,"time":1765697826866,"pid":68436,"hostname":"Ajexs-MacBook-Air.local","msg":"Redis connection error: AggregateError"}
{"level":50,"time":1765697828470,"pid":68436,"hostname":"Ajexs-MacBook-Air.local","msg":"Redis connection error: AggregateError"}
{"level":50,"time":1765697830124,"pid":68436,"hostname":"Ajexs-MacBook-Air.local","msg":"Redis connection error: AggregateError"}
{"level":50,"time":1765697831827,"pid":68436,"hostname":"Ajexs-MacBook-Air.local","msg":"Redis connection error: AggregateError"}
{"level":50,"time":1765697833586,"pid":68436,"hostname":"Ajexs-MacBook-Air.local","msg":"Redis connection error: AggregateError"}
{"level":30,"time":1765697838932,"pid":68556,"hostname":"Ajexs-MacBook-Air.local","msg":"Cron jobs initialized"}
{"level":50,"time":1765697838937,"pid":68556,"hostname":"Ajexs-MacBook-Air.local","msg":"Redis connection error: AggregateError"}
{"level":50,"time":1765697838990,"pid":68556,"hostname":"Ajexs-MacBook-Air.local","msg":"Redis connection error: AggregateError"}
{"level":50,"time":1765697839133,"pid":68556,"hostname":"Ajexs-MacBook-Air.local","msg":"Redis connection error: AggregateError"}
{"level":50,"time":1765697839286,"pid":68556,"hostname":"Ajexs-MacBook-Air.local","msg":"Redis connection error: AggregateError"}
{"level":50,"time":1765697839489,"pid":68556,"hostname":"Ajexs-MacBook-Air.local","msg":"Redis connection error: AggregateError"}
{"level":50,"time":1765697839766,"pid":68556,"hostname":"Ajexs-MacBook-Air.local","msg":"Redis connection error: AggregateError"}
{"level":50,"time":1765697840068,"pid":68556,"hostname":"Ajexs-MacBook-Air.local","msg":"Redis connection error: AggregateError"}
{"level":50,"time":1765697840423,"pid":68556,"hostname":"Ajexs-MacBook-Air.local","msg":"Redis connection error: AggregateError"}
{"level":30,"time":1765697840779,"pid":68556,"hostname":"Ajexs-MacBook-Air.local","msg":"connected to monogoDB successfully"}
{"level":30,"time":1765697840781,"pid":68556,"hostname":"Ajexs-MacBook-Air.local","msg":"Server started successfully"}
{"level":50,"time":1765697840825,"pid":68556,"hostname":"Ajexs-MacBook-Air.local","msg":"Redis connection error: AggregateError"}
{"level":50,"time":1765697841278,"pid":68556,"hostname":"Ajexs-MacBook-Air.local","msg":"Redis connection error: AggregateError"}
{"level":50,"time":1765697841780,"pid":68556,"hostname":"Ajexs-MacBook-Air.local","msg":"Redis connection error: AggregateError"}
{"level":50,"time":1765697842333,"pid":68556,"hostname":"Ajexs-MacBook-Air.local","msg":"Redis connection error: AggregateError"}
{"level":50,"time":1765697842937,"pid":68556,"hostname":"Ajexs-MacBook-Air.local","msg":"Redis connection error: AggregateError"}
{"level":50,"time":1765697843589,"pid":68556,"hostname":"Ajexs-MacBook-Air.local","msg":"Redis connection error: AggregateError"}
{"level":50,"time":1765697844292,"pid":68556,"hostname":"Ajexs-MacBook-Air.local","msg":"Redis connection error: AggregateError"}
{"level":50,"time":1765697845044,"pid":68556,"hostname":"Ajexs-MacBook-Air.local","msg":"Redis connection error: AggregateError"}
{"level":50,"time":1765697845846,"pid":68556,"hostname":"Ajexs-MacBook-Air.local","msg":"Redis connection error: AggregateError"}
{"level":50,"time":1765697846699,"pid":68556,"hostname":"Ajexs-MacBook-Air.local","msg":"Redis connection error: AggregateError"}
{"level":50,"time":1765697847601,"pid":68556,"hostname":"Ajexs-MacBook-Air.local","msg":"Redis connection error: AggregateError"}
{"level":50,"time":1765697848554,"pid":68556,"hostname":"Ajexs-MacBook-Air.local","msg":"Redis connection error: AggregateError"}
{"level":50,"time":1765697849556,"pid":68556,"hostname":"Ajexs-MacBook-Air.local","msg":"Redis connection error: AggregateError"}
{"level":50,"time":1765697850608,"pid":68556,"hostname":"Ajexs-MacBook-Air.local","msg":"Redis connection error: AggregateError"}
{"level":50,"time":1765697851711,"pid":68556,"hostname":"Ajexs-MacBook-Air.local","msg":"Redis connection error: AggregateError"}
{"level":50,"time":1765697852863,"pid":68556,"hostname":"Ajexs-MacBook-Air.local","msg":"Redis connection error: AggregateError"}
{"level":50,"time":1765697854065,"pid":68556,"hostname":"Ajexs-MacBook-Air.local","msg":"Redis connection error: AggregateError"}
{"level":50,"time":1765697855318,"pid":68556,"hostname":"Ajexs-MacBook-Air.local","msg":"Redis connection error: AggregateError"}
{"level":50,"time":1765697856628,"pid":68556,"hostname":"Ajexs-MacBook-Air.local","msg":"Redis connection error: AggregateError"}
{"level":50,"time":1765697857981,"pid":68556,"hostname":"Ajexs-MacBook-Air.local","msg":"Redis connection error: AggregateError"}
{"level":50,"time":1765697859385,"pid":68556,"hostname":"Ajexs-MacBook-Air.local","msg":"Redis connection error: AggregateError"}
{"level":50,"time":1765697860838,"pid":68556,"hostname":"Ajexs-MacBook-Air.local","msg":"Redis connection error: AggregateError"}
{"level":50,"time":1765697862340,"pid":68556,"hostname":"Ajexs-MacBook-Air.local","msg":"Redis connection error: AggregateError"}
{"level":50,"time":1765697863893,"pid":68556,"hostname":"Ajexs-MacBook-Air.local","msg":"Redis connection error: AggregateError"}
{"level":50,"time":1765697865496,"pid":68556,"hostname":"Ajexs-MacBook-Air.local","msg":"Redis connection error: AggregateError"}
{"level":50,"time":1765697867150,"pid":68556,"hostname":"Ajexs-MacBook-Air.local","msg":"Redis connection error: AggregateError"}
{"level":50,"time":1765697868853,"pid":68556,"hostname":"Ajexs-MacBook-Air.local","msg":"Redis connection error: AggregateError"}
{"level":50,"time":1765697870608,"pid":68556,"hostname":"Ajexs-MacBook-Air.local","msg":"Redis connection error: AggregateError"}
{"level":50,"time":1765697872411,"pid":68556,"hostname":"Ajexs-MacBook-Air.local","msg":"Redis connection error: AggregateError"}
{"level":50,"time":1765697874266,"pid":68556,"hostname":"Ajexs-MacBook-Air.local","msg":"Redis connection error: AggregateError"}
{"level":50,"time":1765697876168,"pid":68556,"hostname":"Ajexs-MacBook-Air.local","msg":"Redis connection error: AggregateError"}
{"level":50,"time":1765697878125,"pid":68556,"hostname":"Ajexs-MacBook-Air.local","msg":"Redis connection error: AggregateError"}
{"level":50,"time":1765697880128,"pid":68556,"hostname":"Ajexs-MacBook-Air.local","msg":"Redis connection error: AggregateError"}
{"level":50,"time":1765697882133,"pid":68556,"hostname":"Ajexs-MacBook-Air.local","msg":"Redis connection error: AggregateError"}
{"level":50,"time":1765697884134,"pid":68556,"hostname":"Ajexs-MacBook-Air.local","msg":"Redis connection error: AggregateError"}
{"level":50,"time":1765697886137,"pid":68556,"hostname":"Ajexs-MacBook-Air.local","msg":"Redis connection error: AggregateError"}
{"level":50,"time":1765697888149,"pid":68556,"hostname":"Ajexs-MacBook-Air.local","msg":"Redis connection error: AggregateError"}
{"level":50,"time":1765697890152,"pid":68556,"hostname":"Ajexs-MacBook-Air.local","msg":"Redis connection error: AggregateError"}
{"level":50,"time":1765697892163,"pid":68556,"hostname":"Ajexs-MacBook-Air.local","msg":"Redis connection error: AggregateError"}
{"level":50,"time":1765697894166,"pid":68556,"hostname":"Ajexs-MacBook-Air.local","msg":"Redis connection error: AggregateError"}
{"level":50,"time":1765697896169,"pid":68556,"hostname":"Ajexs-MacBook-Air.local","msg":"Redis connection error: AggregateError"}
{"level":50,"time":1765697898171,"pid":68556,"hostname":"Ajexs-MacBook-Air.local","msg":"Redis connection error: AggregateError"}
{"level":50,"time":1765697900174,"pid":68556,"hostname":"Ajexs-MacBook-Air.local","msg":"Redis connection error: AggregateError"}
{"level":50,"time":1765697902176,"pid":68556,"hostname":"Ajexs-MacBook-Air.local","msg":"Redis connection error: AggregateError"}
{"level":50,"time":1765697904204,"pid":68556,"hostname":"Ajexs-MacBook-Air.local","msg":"Redis connection error: AggregateError"}
{"level":50,"time":1765697906209,"pid":68556,"hostname":"Ajexs-MacBook-Air.local","msg":"Redis connection error: AggregateError"}
{"level":50,"time":1765697908211,"pid":68556,"hostname":"Ajexs-MacBook-Air.local","msg":"Redis connection error: AggregateError"}
{"level":50,"time":1765697910213,"pid":68556,"hostname":"Ajexs-MacBook-Air.local","msg":"Redis connection error: AggregateError"}
{"level":50,"time":1765697912217,"pid":68556,"hostname":"Ajexs-MacBook-Air.local","msg":"Redis connection error: AggregateError"}
{"level":50,"time":1765697914219,"pid":68556,"hostname":"Ajexs-MacBook-Air.local","msg":"Redis connection error: AggregateError"}
{"level":50,"time":1765697916222,"pid":68556,"hostname":"Ajexs-MacBook-Air.local","msg":"Redis connection error: AggregateError"}
{"level":50,"time":1765697918224,"pid":68556,"hostname":"Ajexs-MacBook-Air.local","msg":"Redis connection error: AggregateError"}
{"level":50,"time":1765697920228,"pid":68556,"hostname":"Ajexs-MacBook-Air.local","msg":"Redis connection error: AggregateError"}
{"level":50,"time":1765697922231,"pid":68556,"hostname":"Ajexs-MacBook-Air.local","msg":"Redis connection error: AggregateError"}
{"level":50,"time":1765697924233,"pid":68556,"hostname":"Ajexs-MacBook-Air.local","msg":"Redis connection error: AggregateError"}
{"level":50,"time":1765697926239,"pid":68556,"hostname":"Ajexs-MacBook-Air.local","msg":"Redis connection error: AggregateError"}
{"level":50,"time":1765697928252,"pid":68556,"hostname":"Ajexs-MacBook-Air.local","msg":"Redis connection error: AggregateError"}
{"level":50,"time":1765697930254,"pid":68556,"hostname":"Ajexs-MacBook-Air.local","msg":"Redis connection error: AggregateError"}
{"level":50,"time":1765697932260,"pid":68556,"hostname":"Ajexs-MacBook-Air.local","msg":"Redis connection error: AggregateError"}
{"level":50,"time":1765697934270,"pid":68556,"hostname":"Ajexs-MacBook-Air.local","msg":"Redis connection error: AggregateError"}
{"level":50,"time":1765697936275,"pid":68556,"hostname":"Ajexs-MacBook-Air.local","msg":"Redis connection error: AggregateError"}
{"level":50,"time":1765697938281,"pid":68556,"hostname":"Ajexs-MacBook-Air.local","msg":"Redis connection error: AggregateError"}
{"level":50,"time":1765697940290,"pid":68556,"hostname":"Ajexs-MacBook-Air.local","msg":"Redis connection error: AggregateError"}
{"level":50,"time":1765697942293,"pid":68556,"hostname":"Ajexs-MacBook-Air.local","msg":"Redis connection error: AggregateError"}
{"level":50,"time":1765697943047,"pid":68556,"hostname":"Ajexs-MacBook-Air.local","err":{"type":"AppError","message":"Authentication token is missing or invalid.","stack":"Error: Authentication token is missing or invalid.\n    at authenticateUser (file:///Users/ajexjoshy/Documents/11jersery.com/server/middlewares/user/authenticate-user.js:12:13)\n    at Layer.handleRequest (/Users/ajexjoshy/Documents/11jersery.com/server/node_modules/router/lib/layer.js:152:17)\n    at trimPrefix (/Users/ajexjoshy/Documents/11jersery.com/server/node_modules/router/index.js:342:13)\n    at /Users/ajexjoshy/Documents/11jersery.com/server/node_modules/router/index.js:297:9\n    at processParams (/Users/ajexjoshy/Documents/11jersery.com/server/node_modules/router/index.js:582:12)\n    at next (/Users/ajexjoshy/Documents/11jersery.com/server/node_modules/router/index.js:291:5)\n    at Function.handle (/Users/ajexjoshy/Documents/11jersery.com/server/node_modules/router/index.js:186:3)\n    at router (/Users/ajexjoshy/Documents/11jersery.com/server/node_modules/router/index.js:60:12)\n    at Layer.handleRequest (/Users/ajexjoshy/Documents/11jersery.com/server/node_modules/router/lib/layer.js:152:17)\n    at trimPrefix (/Users/ajexjoshy/Documents/11jersery.com/server/node_modules/router/index.js:342:13)\n    at /Users/ajexjoshy/Documents/11jersery.com/server/node_modules/router/index.js:297:9\n    at processParams (/Users/ajexjoshy/Documents/11jersery.com/server/node_modules/router/index.js:582:12)\n    at next (/Users/ajexjoshy/Documents/11jersery.com/server/node_modules/router/index.js:291:5)\n    at Function.handle (/Users/ajexjoshy/Documents/11jersery.com/server/node_modules/router/index.js:186:3)\n    at router (/Users/ajexjoshy/Documents/11jersery.com/server/node_modules/router/index.js:60:12)\n    at Layer.handleRequest (/Users/ajexjoshy/Documents/11jersery.com/server/node_modules/router/lib/layer.js:152:17)","status":401,"code":"UNAUTHORIZED","isOperational":true},"msg":"Authentication token is missing or invalid."}
{"level":30,"time":1765697943072,"pid":68556,"hostname":"Ajexs-MacBook-Air.local","req":{"id":1,"method":"GET","url":"/api/v1/cart","query":{},"params":{},"headers":{"host":"localhost:3000","connection":"keep-alive","sec-ch-ua-platform":"\"macOS\"","user-agent":"Mozilla/5.0 (Macintosh; Intel Mac OS X 10_15_7) AppleWebKit/537.36 (KHTML, like Gecko) Chrome/143.0.0.0 Safari/537.36","accept":"application/json, text/plain, */*","sec-ch-ua":"\"Google Chrome\";v=\"143\", \"Chromium\";v=\"143\", \"Not A(Brand\";v=\"24\"","sec-purpose":"prefetch;prerender","sec-ch-ua-mobile":"?0","origin":"http://localhost:5173","sec-fetch-site":"same-site","sec-fetch-mode":"cors","sec-fetch-dest":"empty","referer":"http://localhost:5173/","accept-encoding":"gzip, deflate, br, zstd","accept-language":"en-US,en;q=0.9","cookie":"_ga=GA1.1.321634265.1758966740; _ga_17CEYDGRE3=GS2.1.s1759299833$o22$g1$t1759303434$j58$l0$h0; __clerk_db_jwt_8dvlqOgg=dvb_34b1ZfcMBDdYbLv8mG74bwC2pF8; __clerk_db_jwt=dvb_34b1ZfcMBDdYbLv8mG74bwC2pF8; _ga_N1DBJ8L8Q1=GS2.1.s1763277471$o66$g0$t1763277471$j60$l0$h0; __client_uat_8dvlqOgg=0; __client_uat=0","if-none-match":"W/\"3ce-FNdKiRPFOBpUhVDmD249FQx7to8\""},"remoteAddress":"::1","remotePort":65277},"res":{"statusCode":401,"headers":{"x-powered-by":"Express","access-control-allow-origin":"http://localhost:5173","vary":"Origin","access-control-allow-credentials":"true","content-type":"application/json; charset=utf-8","content-length":"89","etag":"W/\"59-FzuZhejbTUgUIxL26qtVNSa1QK0\""}},"responseTime":30,"msg":"request completed"}
{"level":50,"time":1765697943077,"pid":68556,"hostname":"Ajexs-MacBook-Air.local","err":{"type":"AppError","message":"unauthorized","stack":"Error: unauthorized\n    at file:///Users/ajexjoshy/Documents/11jersery.com/server/controllers/user/auth.controller.js:32:11\n    at file:///Users/ajexjoshy/Documents/11jersery.com/server/utils/helpers.js:25:19\n    at Layer.handleRequest (/Users/ajexjoshy/Documents/11jersery.com/server/node_modules/router/lib/layer.js:152:17)\n    at next (/Users/ajexjoshy/Documents/11jersery.com/server/node_modules/router/lib/route.js:157:13)\n    at Route.dispatch (/Users/ajexjoshy/Documents/11jersery.com/server/node_modules/router/lib/route.js:117:3)\n    at handle (/Users/ajexjoshy/Documents/11jersery.com/server/node_modules/router/index.js:435:11)\n    at Layer.handleRequest (/Users/ajexjoshy/Documents/11jersery.com/server/node_modules/router/lib/layer.js:152:17)\n    at /Users/ajexjoshy/Documents/11jersery.com/server/node_modules/router/index.js:295:15\n    at processParams (/Users/ajexjoshy/Documents/11jersery.com/server/node_modules/router/index.js:582:12)\n    at next (/Users/ajexjoshy/Documents/11jersery.com/server/node_modules/router/index.js:291:5)\n    at Function.handle (/Users/ajexjoshy/Documents/11jersery.com/server/node_modules/router/index.js:186:3)\n    at router (/Users/ajexjoshy/Documents/11jersery.com/server/node_modules/router/index.js:60:12)\n    at Layer.handleRequest (/Users/ajexjoshy/Documents/11jersery.com/server/node_modules/router/lib/layer.js:152:17)\n    at trimPrefix (/Users/ajexjoshy/Documents/11jersery.com/server/node_modules/router/index.js:342:13)\n    at /Users/ajexjoshy/Documents/11jersery.com/server/node_modules/router/index.js:297:9\n    at processParams (/Users/ajexjoshy/Documents/11jersery.com/server/node_modules/router/index.js:582:12)","status":401,"code":"UNAUTHORIZED","isOperational":true},"msg":"unauthorized"}
{"level":30,"time":1765697943078,"pid":68556,"hostname":"Ajexs-MacBook-Air.local","req":{"id":2,"method":"POST","url":"/api/v1/auth/refresh-token","query":{},"params":{},"headers":{"host":"localhost:3000","connection":"keep-alive","content-length":"0","sec-ch-ua-platform":"\"macOS\"","user-agent":"Mozilla/5.0 (Macintosh; Intel Mac OS X 10_15_7) AppleWebKit/537.36 (KHTML, like Gecko) Chrome/143.0.0.0 Safari/537.36","accept":"application/json, text/plain, */*","sec-ch-ua":"\"Google Chrome\";v=\"143\", \"Chromium\";v=\"143\", \"Not A(Brand\";v=\"24\"","sec-ch-ua-mobile":"?0","origin":"http://localhost:5173","sec-fetch-site":"same-site","sec-fetch-mode":"cors","sec-fetch-dest":"empty","referer":"http://localhost:5173/","accept-encoding":"gzip, deflate, br, zstd","accept-language":"en-US,en;q=0.9","cookie":"_ga=GA1.1.321634265.1758966740; _ga_17CEYDGRE3=GS2.1.s1759299833$o22$g1$t1759303434$j58$l0$h0; __clerk_db_jwt_8dvlqOgg=dvb_34b1ZfcMBDdYbLv8mG74bwC2pF8; __clerk_db_jwt=dvb_34b1ZfcMBDdYbLv8mG74bwC2pF8; _ga_N1DBJ8L8Q1=GS2.1.s1763277471$o66$g0$t1763277471$j60$l0$h0; __client_uat_8dvlqOgg=0; __client_uat=0"},"remoteAddress":"::1","remotePort":65277},"res":{"statusCode":401,"headers":{"x-powered-by":"Express","access-control-allow-origin":"http://localhost:5173","vary":"Origin","access-control-allow-credentials":"true","content-type":"application/json; charset=utf-8","content-length":"58","etag":"W/\"3a-iNi19GoNE3nUeFK7gD2afVe4ZEo\""}},"responseTime":4,"msg":"request completed"}
{"level":50,"time":1765697943120,"pid":68556,"hostname":"Ajexs-MacBook-Air.local","err":{"type":"AppError","message":"Authentication token is missing or invalid.","stack":"Error: Authentication token is missing or invalid.\n    at authenticateUser (file:///Users/ajexjoshy/Documents/11jersery.com/server/middlewares/user/authenticate-user.js:12:13)\n    at Layer.handleRequest (/Users/ajexjoshy/Documents/11jersery.com/server/node_modules/router/lib/layer.js:152:17)\n    at trimPrefix (/Users/ajexjoshy/Documents/11jersery.com/server/node_modules/router/index.js:342:13)\n    at /Users/ajexjoshy/Documents/11jersery.com/server/node_modules/router/index.js:297:9\n    at processParams (/Users/ajexjoshy/Documents/11jersery.com/server/node_modules/router/index.js:582:12)\n    at next (/Users/ajexjoshy/Documents/11jersery.com/server/node_modules/router/index.js:291:5)\n    at Function.handle (/Users/ajexjoshy/Documents/11jersery.com/server/node_modules/router/index.js:186:3)\n    at router (/Users/ajexjoshy/Documents/11jersery.com/server/node_modules/router/index.js:60:12)\n    at Layer.handleRequest (/Users/ajexjoshy/Documents/11jersery.com/server/node_modules/router/lib/layer.js:152:17)\n    at trimPrefix (/Users/ajexjoshy/Documents/11jersery.com/server/node_modules/router/index.js:342:13)\n    at /Users/ajexjoshy/Documents/11jersery.com/server/node_modules/router/index.js:297:9\n    at processParams (/Users/ajexjoshy/Documents/11jersery.com/server/node_modules/router/index.js:582:12)\n    at next (/Users/ajexjoshy/Documents/11jersery.com/server/node_modules/router/index.js:291:5)\n    at Function.handle (/Users/ajexjoshy/Documents/11jersery.com/server/node_modules/router/index.js:186:3)\n    at router (/Users/ajexjoshy/Documents/11jersery.com/server/node_modules/router/index.js:60:12)\n    at Layer.handleRequest (/Users/ajexjoshy/Documents/11jersery.com/server/node_modules/router/lib/layer.js:152:17)","status":401,"code":"UNAUTHORIZED","isOperational":true},"msg":"Authentication token is missing or invalid."}
{"level":30,"time":1765697943121,"pid":68556,"hostname":"Ajexs-MacBook-Air.local","req":{"id":4,"method":"GET","url":"/api/v1/wishlist","query":{},"params":{},"headers":{"host":"localhost:3000","connection":"keep-alive","sec-ch-ua-platform":"\"macOS\"","user-agent":"Mozilla/5.0 (Macintosh; Intel Mac OS X 10_15_7) AppleWebKit/537.36 (KHTML, like Gecko) Chrome/143.0.0.0 Safari/537.36","accept":"application/json, text/plain, */*","sec-ch-ua":"\"Google Chrome\";v=\"143\", \"Chromium\";v=\"143\", \"Not A(Brand\";v=\"24\"","sec-purpose":"prefetch;prerender","sec-ch-ua-mobile":"?0","origin":"http://localhost:5173","sec-fetch-site":"same-site","sec-fetch-mode":"cors","sec-fetch-dest":"empty","referer":"http://localhost:5173/","accept-encoding":"gzip, deflate, br, zstd","accept-language":"en-US,en;q=0.9","cookie":"_ga=GA1.1.321634265.1758966740; _ga_17CEYDGRE3=GS2.1.s1759299833$o22$g1$t1759303434$j58$l0$h0; __clerk_db_jwt_8dvlqOgg=dvb_34b1ZfcMBDdYbLv8mG74bwC2pF8; __clerk_db_jwt=dvb_34b1ZfcMBDdYbLv8mG74bwC2pF8; _ga_N1DBJ8L8Q1=GS2.1.s1763277471$o66$g0$t1763277471$j60$l0$h0; __client_uat_8dvlqOgg=0; __client_uat=0","if-none-match":"W/\"fa-U65gqGN79GqxXb1/nC7BHpVd8FE\""},"remoteAddress":"::1","remotePort":65280},"res":{"statusCode":401,"headers":{"x-powered-by":"Express","access-control-allow-origin":"http://localhost:5173","vary":"Origin","access-control-allow-credentials":"true","content-type":"application/json; charset=utf-8","content-length":"89","etag":"W/\"59-FzuZhejbTUgUIxL26qtVNSa1QK0\""}},"responseTime":1,"msg":"request completed"}
{"level":50,"time":1765697943122,"pid":68556,"hostname":"Ajexs-MacBook-Air.local","err":{"type":"AppError","message":"unauthorized","stack":"Error: unauthorized\n    at file:///Users/ajexjoshy/Documents/11jersery.com/server/controllers/user/auth.controller.js:32:11\n    at file:///Users/ajexjoshy/Documents/11jersery.com/server/utils/helpers.js:25:19\n    at Layer.handleRequest (/Users/ajexjoshy/Documents/11jersery.com/server/node_modules/router/lib/layer.js:152:17)\n    at next (/Users/ajexjoshy/Documents/11jersery.com/server/node_modules/router/lib/route.js:157:13)\n    at Route.dispatch (/Users/ajexjoshy/Documents/11jersery.com/server/node_modules/router/lib/route.js:117:3)\n    at handle (/Users/ajexjoshy/Documents/11jersery.com/server/node_modules/router/index.js:435:11)\n    at Layer.handleRequest (/Users/ajexjoshy/Documents/11jersery.com/server/node_modules/router/lib/layer.js:152:17)\n    at /Users/ajexjoshy/Documents/11jersery.com/server/node_modules/router/index.js:295:15\n    at processParams (/Users/ajexjoshy/Documents/11jersery.com/server/node_modules/router/index.js:582:12)\n    at next (/Users/ajexjoshy/Documents/11jersery.com/server/node_modules/router/index.js:291:5)\n    at Function.handle (/Users/ajexjoshy/Documents/11jersery.com/server/node_modules/router/index.js:186:3)\n    at router (/Users/ajexjoshy/Documents/11jersery.com/server/node_modules/router/index.js:60:12)\n    at Layer.handleRequest (/Users/ajexjoshy/Documents/11jersery.com/server/node_modules/router/lib/layer.js:152:17)\n    at trimPrefix (/Users/ajexjoshy/Documents/11jersery.com/server/node_modules/router/index.js:342:13)\n    at /Users/ajexjoshy/Documents/11jersery.com/server/node_modules/router/index.js:297:9\n    at processParams (/Users/ajexjoshy/Documents/11jersery.com/server/node_modules/router/index.js:582:12)","status":401,"code":"UNAUTHORIZED","isOperational":true},"msg":"unauthorized"}
{"level":30,"time":1765697943123,"pid":68556,"hostname":"Ajexs-MacBook-Air.local","req":{"id":5,"method":"POST","url":"/api/v1/auth/refresh-token","query":{},"params":{},"headers":{"host":"localhost:3000","connection":"keep-alive","content-length":"0","sec-ch-ua-platform":"\"macOS\"","user-agent":"Mozilla/5.0 (Macintosh; Intel Mac OS X 10_15_7) AppleWebKit/537.36 (KHTML, like Gecko) Chrome/143.0.0.0 Safari/537.36","accept":"application/json, text/plain, */*","sec-ch-ua":"\"Google Chrome\";v=\"143\", \"Chromium\";v=\"143\", \"Not A(Brand\";v=\"24\"","sec-ch-ua-mobile":"?0","origin":"http://localhost:5173","sec-fetch-site":"same-site","sec-fetch-mode":"cors","sec-fetch-dest":"empty","referer":"http://localhost:5173/","accept-encoding":"gzip, deflate, br, zstd","accept-language":"en-US,en;q=0.9","cookie":"_ga=GA1.1.321634265.1758966740; _ga_17CEYDGRE3=GS2.1.s1759299833$o22$g1$t1759303434$j58$l0$h0; __clerk_db_jwt_8dvlqOgg=dvb_34b1ZfcMBDdYbLv8mG74bwC2pF8; __clerk_db_jwt=dvb_34b1ZfcMBDdYbLv8mG74bwC2pF8; _ga_N1DBJ8L8Q1=GS2.1.s1763277471$o66$g0$t1763277471$j60$l0$h0; __client_uat_8dvlqOgg=0; __client_uat=0"},"remoteAddress":"::1","remotePort":65280},"res":{"statusCode":401,"headers":{"x-powered-by":"Express","access-control-allow-origin":"http://localhost:5173","vary":"Origin","access-control-allow-credentials":"true","content-type":"application/json; charset=utf-8","content-length":"58","etag":"W/\"3a-iNi19GoNE3nUeFK7gD2afVe4ZEo\""}},"responseTime":1,"msg":"request completed"}
{"level":30,"time":1765697943315,"pid":68556,"hostname":"Ajexs-MacBook-Air.local","req":{"id":3,"method":"GET","url":"/api/v1/landing-page","query":{},"params":{},"headers":{"host":"localhost:3000","connection":"keep-alive","sec-ch-ua-platform":"\"macOS\"","user-agent":"Mozilla/5.0 (Macintosh; Intel Mac OS X 10_15_7) AppleWebKit/537.36 (KHTML, like Gecko) Chrome/143.0.0.0 Safari/537.36","accept":"application/json, text/plain, */*","sec-ch-ua":"\"Google Chrome\";v=\"143\", \"Chromium\";v=\"143\", \"Not A(Brand\";v=\"24\"","sec-purpose":"prefetch;prerender","sec-ch-ua-mobile":"?0","origin":"http://localhost:5173","sec-fetch-site":"same-site","sec-fetch-mode":"cors","sec-fetch-dest":"empty","referer":"http://localhost:5173/","accept-encoding":"gzip, deflate, br, zstd","accept-language":"en-US,en;q=0.9","cookie":"_ga=GA1.1.321634265.1758966740; _ga_17CEYDGRE3=GS2.1.s1759299833$o22$g1$t1759303434$j58$l0$h0; __clerk_db_jwt_8dvlqOgg=dvb_34b1ZfcMBDdYbLv8mG74bwC2pF8; __clerk_db_jwt=dvb_34b1ZfcMBDdYbLv8mG74bwC2pF8; _ga_N1DBJ8L8Q1=GS2.1.s1763277471$o66$g0$t1763277471$j60$l0$h0; __client_uat_8dvlqOgg=0; __client_uat=0","if-none-match":"W/\"79f1-lelT28eM0Z3q1vzJX0pX+6ev6R0\""},"remoteAddress":"::1","remotePort":65279},"res":{"statusCode":200,"headers":{"x-powered-by":"Express","access-control-allow-origin":"http://localhost:5173","vary":"Origin","access-control-allow-credentials":"true","content-type":"application/json; charset=utf-8","content-length":"31209","etag":"W/\"79e9-pxQTeH9XBOhWMX50EbwSChH7IVg\""}},"responseTime":236,"msg":"request completed"}
{"level":50,"time":1765697944086,"pid":68556,"hostname":"Ajexs-MacBook-Air.local","err":{"type":"AppError","message":"Authentication token is missing or invalid.","stack":"Error: Authentication token is missing or invalid.\n    at authenticateUser (file:///Users/ajexjoshy/Documents/11jersery.com/server/middlewares/user/authenticate-user.js:12:13)\n    at Layer.handleRequest (/Users/ajexjoshy/Documents/11jersery.com/server/node_modules/router/lib/layer.js:152:17)\n    at trimPrefix (/Users/ajexjoshy/Documents/11jersery.com/server/node_modules/router/index.js:342:13)\n    at /Users/ajexjoshy/Documents/11jersery.com/server/node_modules/router/index.js:297:9\n    at processParams (/Users/ajexjoshy/Documents/11jersery.com/server/node_modules/router/index.js:582:12)\n    at next (/Users/ajexjoshy/Documents/11jersery.com/server/node_modules/router/index.js:291:5)\n    at Function.handle (/Users/ajexjoshy/Documents/11jersery.com/server/node_modules/router/index.js:186:3)\n    at router (/Users/ajexjoshy/Documents/11jersery.com/server/node_modules/router/index.js:60:12)\n    at Layer.handleRequest (/Users/ajexjoshy/Documents/11jersery.com/server/node_modules/router/lib/layer.js:152:17)\n    at trimPrefix (/Users/ajexjoshy/Documents/11jersery.com/server/node_modules/router/index.js:342:13)\n    at /Users/ajexjoshy/Documents/11jersery.com/server/node_modules/router/index.js:297:9\n    at processParams (/Users/ajexjoshy/Documents/11jersery.com/server/node_modules/router/index.js:582:12)\n    at next (/Users/ajexjoshy/Documents/11jersery.com/server/node_modules/router/index.js:291:5)\n    at Function.handle (/Users/ajexjoshy/Documents/11jersery.com/server/node_modules/router/index.js:186:3)\n    at router (/Users/ajexjoshy/Documents/11jersery.com/server/node_modules/router/index.js:60:12)\n    at Layer.handleRequest (/Users/ajexjoshy/Documents/11jersery.com/server/node_modules/router/lib/layer.js:152:17)","status":401,"code":"UNAUTHORIZED","isOperational":true},"msg":"Authentication token is missing or invalid."}
{"level":30,"time":1765697944091,"pid":68556,"hostname":"Ajexs-MacBook-Air.local","req":{"id":6,"method":"GET","url":"/api/v1/cart","query":{},"params":{},"headers":{"host":"localhost:3000","connection":"keep-alive","sec-ch-ua-platform":"\"macOS\"","user-agent":"Mozilla/5.0 (Macintosh; Intel Mac OS X 10_15_7) AppleWebKit/537.36 (KHTML, like Gecko) Chrome/143.0.0.0 Safari/537.36","accept":"application/json, text/plain, */*","sec-ch-ua":"\"Google Chrome\";v=\"143\", \"Chromium\";v=\"143\", \"Not A(Brand\";v=\"24\"","sec-ch-ua-mobile":"?0","origin":"http://localhost:5173","sec-fetch-site":"same-site","sec-fetch-mode":"cors","sec-fetch-dest":"empty","referer":"http://localhost:5173/","accept-encoding":"gzip, deflate, br, zstd","accept-language":"en-US,en;q=0.9","cookie":"_ga=GA1.1.321634265.1758966740; _ga_17CEYDGRE3=GS2.1.s1759299833$o22$g1$t1759303434$j58$l0$h0; __clerk_db_jwt_8dvlqOgg=dvb_34b1ZfcMBDdYbLv8mG74bwC2pF8; __clerk_db_jwt=dvb_34b1ZfcMBDdYbLv8mG74bwC2pF8; _ga_N1DBJ8L8Q1=GS2.1.s1763277471$o66$g0$t1763277471$j60$l0$h0; __client_uat_8dvlqOgg=0; __client_uat=0","if-none-match":"W/\"3ce-FNdKiRPFOBpUhVDmD249FQx7to8\""},"remoteAddress":"::1","remotePort":65291},"res":{"statusCode":401,"headers":{"x-powered-by":"Express","access-control-allow-origin":"http://localhost:5173","vary":"Origin","access-control-allow-credentials":"true","content-type":"application/json; charset=utf-8","content-length":"89","etag":"W/\"59-FzuZhejbTUgUIxL26qtVNSa1QK0\""}},"responseTime":6,"msg":"request completed"}
{"level":50,"time":1765697944093,"pid":68556,"hostname":"Ajexs-MacBook-Air.local","err":{"type":"AppError","message":"unauthorized","stack":"Error: unauthorized\n    at file:///Users/ajexjoshy/Documents/11jersery.com/server/controllers/user/auth.controller.js:32:11\n    at file:///Users/ajexjoshy/Documents/11jersery.com/server/utils/helpers.js:25:19\n    at Layer.handleRequest (/Users/ajexjoshy/Documents/11jersery.com/server/node_modules/router/lib/layer.js:152:17)\n    at next (/Users/ajexjoshy/Documents/11jersery.com/server/node_modules/router/lib/route.js:157:13)\n    at Route.dispatch (/Users/ajexjoshy/Documents/11jersery.com/server/node_modules/router/lib/route.js:117:3)\n    at handle (/Users/ajexjoshy/Documents/11jersery.com/server/node_modules/router/index.js:435:11)\n    at Layer.handleRequest (/Users/ajexjoshy/Documents/11jersery.com/server/node_modules/router/lib/layer.js:152:17)\n    at /Users/ajexjoshy/Documents/11jersery.com/server/node_modules/router/index.js:295:15\n    at processParams (/Users/ajexjoshy/Documents/11jersery.com/server/node_modules/router/index.js:582:12)\n    at next (/Users/ajexjoshy/Documents/11jersery.com/server/node_modules/router/index.js:291:5)\n    at Function.handle (/Users/ajexjoshy/Documents/11jersery.com/server/node_modules/router/index.js:186:3)\n    at router (/Users/ajexjoshy/Documents/11jersery.com/server/node_modules/router/index.js:60:12)\n    at Layer.handleRequest (/Users/ajexjoshy/Documents/11jersery.com/server/node_modules/router/lib/layer.js:152:17)\n    at trimPrefix (/Users/ajexjoshy/Documents/11jersery.com/server/node_modules/router/index.js:342:13)\n    at /Users/ajexjoshy/Documents/11jersery.com/server/node_modules/router/index.js:297:9\n    at processParams (/Users/ajexjoshy/Documents/11jersery.com/server/node_modules/router/index.js:582:12)","status":401,"code":"UNAUTHORIZED","isOperational":true},"msg":"unauthorized"}
{"level":30,"time":1765697944094,"pid":68556,"hostname":"Ajexs-MacBook-Air.local","req":{"id":7,"method":"POST","url":"/api/v1/auth/refresh-token","query":{},"params":{},"headers":{"host":"localhost:3000","connection":"keep-alive","content-length":"0","sec-ch-ua-platform":"\"macOS\"","user-agent":"Mozilla/5.0 (Macintosh; Intel Mac OS X 10_15_7) AppleWebKit/537.36 (KHTML, like Gecko) Chrome/143.0.0.0 Safari/537.36","accept":"application/json, text/plain, */*","sec-ch-ua":"\"Google Chrome\";v=\"143\", \"Chromium\";v=\"143\", \"Not A(Brand\";v=\"24\"","sec-ch-ua-mobile":"?0","origin":"http://localhost:5173","sec-fetch-site":"same-site","sec-fetch-mode":"cors","sec-fetch-dest":"empty","referer":"http://localhost:5173/","accept-encoding":"gzip, deflate, br, zstd","accept-language":"en-US,en;q=0.9","cookie":"_ga=GA1.1.321634265.1758966740; _ga_17CEYDGRE3=GS2.1.s1759299833$o22$g1$t1759303434$j58$l0$h0; __clerk_db_jwt_8dvlqOgg=dvb_34b1ZfcMBDdYbLv8mG74bwC2pF8; __clerk_db_jwt=dvb_34b1ZfcMBDdYbLv8mG74bwC2pF8; _ga_N1DBJ8L8Q1=GS2.1.s1763277471$o66$g0$t1763277471$j60$l0$h0; __client_uat_8dvlqOgg=0; __client_uat=0"},"remoteAddress":"::1","remotePort":65291},"res":{"statusCode":401,"headers":{"x-powered-by":"Express","access-control-allow-origin":"http://localhost:5173","vary":"Origin","access-control-allow-credentials":"true","content-type":"application/json; charset=utf-8","content-length":"58","etag":"W/\"3a-iNi19GoNE3nUeFK7gD2afVe4ZEo\""}},"responseTime":1,"msg":"request completed"}
{"level":50,"time":1765697944127,"pid":68556,"hostname":"Ajexs-MacBook-Air.local","err":{"type":"AppError","message":"Authentication token is missing or invalid.","stack":"Error: Authentication token is missing or invalid.\n    at authenticateUser (file:///Users/ajexjoshy/Documents/11jersery.com/server/middlewares/user/authenticate-user.js:12:13)\n    at Layer.handleRequest (/Users/ajexjoshy/Documents/11jersery.com/server/node_modules/router/lib/layer.js:152:17)\n    at trimPrefix (/Users/ajexjoshy/Documents/11jersery.com/server/node_modules/router/index.js:342:13)\n    at /Users/ajexjoshy/Documents/11jersery.com/server/node_modules/router/index.js:297:9\n    at processParams (/Users/ajexjoshy/Documents/11jersery.com/server/node_modules/router/index.js:582:12)\n    at next (/Users/ajexjoshy/Documents/11jersery.com/server/node_modules/router/index.js:291:5)\n    at Function.handle (/Users/ajexjoshy/Documents/11jersery.com/server/node_modules/router/index.js:186:3)\n    at router (/Users/ajexjoshy/Documents/11jersery.com/server/node_modules/router/index.js:60:12)\n    at Layer.handleRequest (/Users/ajexjoshy/Documents/11jersery.com/server/node_modules/router/lib/layer.js:152:17)\n    at trimPrefix (/Users/ajexjoshy/Documents/11jersery.com/server/node_modules/router/index.js:342:13)\n    at /Users/ajexjoshy/Documents/11jersery.com/server/node_modules/router/index.js:297:9\n    at processParams (/Users/ajexjoshy/Documents/11jersery.com/server/node_modules/router/index.js:582:12)\n    at next (/Users/ajexjoshy/Documents/11jersery.com/server/node_modules/router/index.js:291:5)\n    at Function.handle (/Users/ajexjoshy/Documents/11jersery.com/server/node_modules/router/index.js:186:3)\n    at router (/Users/ajexjoshy/Documents/11jersery.com/server/node_modules/router/index.js:60:12)\n    at Layer.handleRequest (/Users/ajexjoshy/Documents/11jersery.com/server/node_modules/router/lib/layer.js:152:17)","status":401,"code":"UNAUTHORIZED","isOperational":true},"msg":"Authentication token is missing or invalid."}
{"level":30,"time":1765697944129,"pid":68556,"hostname":"Ajexs-MacBook-Air.local","req":{"id":8,"method":"GET","url":"/api/v1/wishlist","query":{},"params":{},"headers":{"host":"localhost:3000","connection":"keep-alive","sec-ch-ua-platform":"\"macOS\"","user-agent":"Mozilla/5.0 (Macintosh; Intel Mac OS X 10_15_7) AppleWebKit/537.36 (KHTML, like Gecko) Chrome/143.0.0.0 Safari/537.36","accept":"application/json, text/plain, */*","sec-ch-ua":"\"Google Chrome\";v=\"143\", \"Chromium\";v=\"143\", \"Not A(Brand\";v=\"24\"","sec-ch-ua-mobile":"?0","origin":"http://localhost:5173","sec-fetch-site":"same-site","sec-fetch-mode":"cors","sec-fetch-dest":"empty","referer":"http://localhost:5173/","accept-encoding":"gzip, deflate, br, zstd","accept-language":"en-US,en;q=0.9","cookie":"_ga=GA1.1.321634265.1758966740; _ga_17CEYDGRE3=GS2.1.s1759299833$o22$g1$t1759303434$j58$l0$h0; __clerk_db_jwt_8dvlqOgg=dvb_34b1ZfcMBDdYbLv8mG74bwC2pF8; __clerk_db_jwt=dvb_34b1ZfcMBDdYbLv8mG74bwC2pF8; _ga_N1DBJ8L8Q1=GS2.1.s1763277471$o66$g0$t1763277471$j60$l0$h0; __client_uat_8dvlqOgg=0; __client_uat=0","if-none-match":"W/\"fa-U65gqGN79GqxXb1/nC7BHpVd8FE\""},"remoteAddress":"::1","remotePort":65291},"res":{"statusCode":401,"headers":{"x-powered-by":"Express","access-control-allow-origin":"http://localhost:5173","vary":"Origin","access-control-allow-credentials":"true","content-type":"application/json; charset=utf-8","content-length":"89","etag":"W/\"59-FzuZhejbTUgUIxL26qtVNSa1QK0\""}},"responseTime":3,"msg":"request completed"}
{"level":50,"time":1765697944130,"pid":68556,"hostname":"Ajexs-MacBook-Air.local","err":{"type":"AppError","message":"unauthorized","stack":"Error: unauthorized\n    at file:///Users/ajexjoshy/Documents/11jersery.com/server/controllers/user/auth.controller.js:32:11\n    at file:///Users/ajexjoshy/Documents/11jersery.com/server/utils/helpers.js:25:19\n    at Layer.handleRequest (/Users/ajexjoshy/Documents/11jersery.com/server/node_modules/router/lib/layer.js:152:17)\n    at next (/Users/ajexjoshy/Documents/11jersery.com/server/node_modules/router/lib/route.js:157:13)\n    at Route.dispatch (/Users/ajexjoshy/Documents/11jersery.com/server/node_modules/router/lib/route.js:117:3)\n    at handle (/Users/ajexjoshy/Documents/11jersery.com/server/node_modules/router/index.js:435:11)\n    at Layer.handleRequest (/Users/ajexjoshy/Documents/11jersery.com/server/node_modules/router/lib/layer.js:152:17)\n    at /Users/ajexjoshy/Documents/11jersery.com/server/node_modules/router/index.js:295:15\n    at processParams (/Users/ajexjoshy/Documents/11jersery.com/server/node_modules/router/index.js:582:12)\n    at next (/Users/ajexjoshy/Documents/11jersery.com/server/node_modules/router/index.js:291:5)\n    at Function.handle (/Users/ajexjoshy/Documents/11jersery.com/server/node_modules/router/index.js:186:3)\n    at router (/Users/ajexjoshy/Documents/11jersery.com/server/node_modules/router/index.js:60:12)\n    at Layer.handleRequest (/Users/ajexjoshy/Documents/11jersery.com/server/node_modules/router/lib/layer.js:152:17)\n    at trimPrefix (/Users/ajexjoshy/Documents/11jersery.com/server/node_modules/router/index.js:342:13)\n    at /Users/ajexjoshy/Documents/11jersery.com/server/node_modules/router/index.js:297:9\n    at processParams (/Users/ajexjoshy/Documents/11jersery.com/server/node_modules/router/index.js:582:12)","status":401,"code":"UNAUTHORIZED","isOperational":true},"msg":"unauthorized"}
{"level":30,"time":1765697944131,"pid":68556,"hostname":"Ajexs-MacBook-Air.local","req":{"id":9,"method":"POST","url":"/api/v1/auth/refresh-token","query":{},"params":{},"headers":{"host":"localhost:3000","connection":"keep-alive","content-length":"0","sec-ch-ua-platform":"\"macOS\"","user-agent":"Mozilla/5.0 (Macintosh; Intel Mac OS X 10_15_7) AppleWebKit/537.36 (KHTML, like Gecko) Chrome/143.0.0.0 Safari/537.36","accept":"application/json, text/plain, */*","sec-ch-ua":"\"Google Chrome\";v=\"143\", \"Chromium\";v=\"143\", \"Not A(Brand\";v=\"24\"","sec-ch-ua-mobile":"?0","origin":"http://localhost:5173","sec-fetch-site":"same-site","sec-fetch-mode":"cors","sec-fetch-dest":"empty","referer":"http://localhost:5173/","accept-encoding":"gzip, deflate, br, zstd","accept-language":"en-US,en;q=0.9","cookie":"_ga=GA1.1.321634265.1758966740; _ga_17CEYDGRE3=GS2.1.s1759299833$o22$g1$t1759303434$j58$l0$h0; __clerk_db_jwt_8dvlqOgg=dvb_34b1ZfcMBDdYbLv8mG74bwC2pF8; __clerk_db_jwt=dvb_34b1ZfcMBDdYbLv8mG74bwC2pF8; _ga_N1DBJ8L8Q1=GS2.1.s1763277471$o66$g0$t1763277471$j60$l0$h0; __client_uat_8dvlqOgg=0; __client_uat=0"},"remoteAddress":"::1","remotePort":65291},"res":{"statusCode":401,"headers":{"x-powered-by":"Express","access-control-allow-origin":"http://localhost:5173","vary":"Origin","access-control-allow-credentials":"true","content-type":"application/json; charset=utf-8","content-length":"58","etag":"W/\"3a-iNi19GoNE3nUeFK7gD2afVe4ZEo\""}},"responseTime":1,"msg":"request completed"}
{"level":50,"time":1765697944295,"pid":68556,"hostname":"Ajexs-MacBook-Air.local","msg":"Redis connection error: AggregateError"}
{"level":50,"time":1765697946100,"pid":68556,"hostname":"Ajexs-MacBook-Air.local","err":{"type":"AppError","message":"Authentication token is missing or invalid.","stack":"Error: Authentication token is missing or invalid.\n    at authenticateUser (file:///Users/ajexjoshy/Documents/11jersery.com/server/middlewares/user/authenticate-user.js:12:13)\n    at Layer.handleRequest (/Users/ajexjoshy/Documents/11jersery.com/server/node_modules/router/lib/layer.js:152:17)\n    at trimPrefix (/Users/ajexjoshy/Documents/11jersery.com/server/node_modules/router/index.js:342:13)\n    at /Users/ajexjoshy/Documents/11jersery.com/server/node_modules/router/index.js:297:9\n    at processParams (/Users/ajexjoshy/Documents/11jersery.com/server/node_modules/router/index.js:582:12)\n    at next (/Users/ajexjoshy/Documents/11jersery.com/server/node_modules/router/index.js:291:5)\n    at Function.handle (/Users/ajexjoshy/Documents/11jersery.com/server/node_modules/router/index.js:186:3)\n    at router (/Users/ajexjoshy/Documents/11jersery.com/server/node_modules/router/index.js:60:12)\n    at Layer.handleRequest (/Users/ajexjoshy/Documents/11jersery.com/server/node_modules/router/lib/layer.js:152:17)\n    at trimPrefix (/Users/ajexjoshy/Documents/11jersery.com/server/node_modules/router/index.js:342:13)\n    at /Users/ajexjoshy/Documents/11jersery.com/server/node_modules/router/index.js:297:9\n    at processParams (/Users/ajexjoshy/Documents/11jersery.com/server/node_modules/router/index.js:582:12)\n    at next (/Users/ajexjoshy/Documents/11jersery.com/server/node_modules/router/index.js:291:5)\n    at Function.handle (/Users/ajexjoshy/Documents/11jersery.com/server/node_modules/router/index.js:186:3)\n    at router (/Users/ajexjoshy/Documents/11jersery.com/server/node_modules/router/index.js:60:12)\n    at Layer.handleRequest (/Users/ajexjoshy/Documents/11jersery.com/server/node_modules/router/lib/layer.js:152:17)","status":401,"code":"UNAUTHORIZED","isOperational":true},"msg":"Authentication token is missing or invalid."}
{"level":30,"time":1765697946101,"pid":68556,"hostname":"Ajexs-MacBook-Air.local","req":{"id":10,"method":"GET","url":"/api/v1/cart","query":{},"params":{},"headers":{"host":"localhost:3000","connection":"keep-alive","sec-ch-ua-platform":"\"macOS\"","user-agent":"Mozilla/5.0 (Macintosh; Intel Mac OS X 10_15_7) AppleWebKit/537.36 (KHTML, like Gecko) Chrome/143.0.0.0 Safari/537.36","accept":"application/json, text/plain, */*","sec-ch-ua":"\"Google Chrome\";v=\"143\", \"Chromium\";v=\"143\", \"Not A(Brand\";v=\"24\"","sec-ch-ua-mobile":"?0","origin":"http://localhost:5173","sec-fetch-site":"same-site","sec-fetch-mode":"cors","sec-fetch-dest":"empty","referer":"http://localhost:5173/","accept-encoding":"gzip, deflate, br, zstd","accept-language":"en-US,en;q=0.9","cookie":"_ga=GA1.1.321634265.1758966740; _ga_17CEYDGRE3=GS2.1.s1759299833$o22$g1$t1759303434$j58$l0$h0; __clerk_db_jwt_8dvlqOgg=dvb_34b1ZfcMBDdYbLv8mG74bwC2pF8; __clerk_db_jwt=dvb_34b1ZfcMBDdYbLv8mG74bwC2pF8; _ga_N1DBJ8L8Q1=GS2.1.s1763277471$o66$g0$t1763277471$j60$l0$h0; __client_uat_8dvlqOgg=0; __client_uat=0","if-none-match":"W/\"3ce-FNdKiRPFOBpUhVDmD249FQx7to8\""},"remoteAddress":"::1","remotePort":65291},"res":{"statusCode":401,"headers":{"x-powered-by":"Express","access-control-allow-origin":"http://localhost:5173","vary":"Origin","access-control-allow-credentials":"true","content-type":"application/json; charset=utf-8","content-length":"89","etag":"W/\"59-FzuZhejbTUgUIxL26qtVNSa1QK0\""}},"responseTime":2,"msg":"request completed"}
{"level":50,"time":1765697946106,"pid":68556,"hostname":"Ajexs-MacBook-Air.local","err":{"type":"AppError","message":"unauthorized","stack":"Error: unauthorized\n    at file:///Users/ajexjoshy/Documents/11jersery.com/server/controllers/user/auth.controller.js:32:11\n    at file:///Users/ajexjoshy/Documents/11jersery.com/server/utils/helpers.js:25:19\n    at Layer.handleRequest (/Users/ajexjoshy/Documents/11jersery.com/server/node_modules/router/lib/layer.js:152:17)\n    at next (/Users/ajexjoshy/Documents/11jersery.com/server/node_modules/router/lib/route.js:157:13)\n    at Route.dispatch (/Users/ajexjoshy/Documents/11jersery.com/server/node_modules/router/lib/route.js:117:3)\n    at handle (/Users/ajexjoshy/Documents/11jersery.com/server/node_modules/router/index.js:435:11)\n    at Layer.handleRequest (/Users/ajexjoshy/Documents/11jersery.com/server/node_modules/router/lib/layer.js:152:17)\n    at /Users/ajexjoshy/Documents/11jersery.com/server/node_modules/router/index.js:295:15\n    at processParams (/Users/ajexjoshy/Documents/11jersery.com/server/node_modules/router/index.js:582:12)\n    at next (/Users/ajexjoshy/Documents/11jersery.com/server/node_modules/router/index.js:291:5)\n    at Function.handle (/Users/ajexjoshy/Documents/11jersery.com/server/node_modules/router/index.js:186:3)\n    at router (/Users/ajexjoshy/Documents/11jersery.com/server/node_modules/router/index.js:60:12)\n    at Layer.handleRequest (/Users/ajexjoshy/Documents/11jersery.com/server/node_modules/router/lib/layer.js:152:17)\n    at trimPrefix (/Users/ajexjoshy/Documents/11jersery.com/server/node_modules/router/index.js:342:13)\n    at /Users/ajexjoshy/Documents/11jersery.com/server/node_modules/router/index.js:297:9\n    at processParams (/Users/ajexjoshy/Documents/11jersery.com/server/node_modules/router/index.js:582:12)","status":401,"code":"UNAUTHORIZED","isOperational":true},"msg":"unauthorized"}
{"level":30,"time":1765697946108,"pid":68556,"hostname":"Ajexs-MacBook-Air.local","req":{"id":11,"method":"POST","url":"/api/v1/auth/refresh-token","query":{},"params":{},"headers":{"host":"localhost:3000","connection":"keep-alive","content-length":"0","sec-ch-ua-platform":"\"macOS\"","user-agent":"Mozilla/5.0 (Macintosh; Intel Mac OS X 10_15_7) AppleWebKit/537.36 (KHTML, like Gecko) Chrome/143.0.0.0 Safari/537.36","accept":"application/json, text/plain, */*","sec-ch-ua":"\"Google Chrome\";v=\"143\", \"Chromium\";v=\"143\", \"Not A(Brand\";v=\"24\"","sec-ch-ua-mobile":"?0","origin":"http://localhost:5173","sec-fetch-site":"same-site","sec-fetch-mode":"cors","sec-fetch-dest":"empty","referer":"http://localhost:5173/","accept-encoding":"gzip, deflate, br, zstd","accept-language":"en-US,en;q=0.9","cookie":"_ga=GA1.1.321634265.1758966740; _ga_17CEYDGRE3=GS2.1.s1759299833$o22$g1$t1759303434$j58$l0$h0; __clerk_db_jwt_8dvlqOgg=dvb_34b1ZfcMBDdYbLv8mG74bwC2pF8; __clerk_db_jwt=dvb_34b1ZfcMBDdYbLv8mG74bwC2pF8; _ga_N1DBJ8L8Q1=GS2.1.s1763277471$o66$g0$t1763277471$j60$l0$h0; __client_uat_8dvlqOgg=0; __client_uat=0"},"remoteAddress":"::1","remotePort":65291},"res":{"statusCode":401,"headers":{"x-powered-by":"Express","access-control-allow-origin":"http://localhost:5173","vary":"Origin","access-control-allow-credentials":"true","content-type":"application/json; charset=utf-8","content-length":"58","etag":"W/\"3a-iNi19GoNE3nUeFK7gD2afVe4ZEo\""}},"responseTime":2,"msg":"request completed"}
{"level":50,"time":1765697946135,"pid":68556,"hostname":"Ajexs-MacBook-Air.local","err":{"type":"AppError","message":"Authentication token is missing or invalid.","stack":"Error: Authentication token is missing or invalid.\n    at authenticateUser (file:///Users/ajexjoshy/Documents/11jersery.com/server/middlewares/user/authenticate-user.js:12:13)\n    at Layer.handleRequest (/Users/ajexjoshy/Documents/11jersery.com/server/node_modules/router/lib/layer.js:152:17)\n    at trimPrefix (/Users/ajexjoshy/Documents/11jersery.com/server/node_modules/router/index.js:342:13)\n    at /Users/ajexjoshy/Documents/11jersery.com/server/node_modules/router/index.js:297:9\n    at processParams (/Users/ajexjoshy/Documents/11jersery.com/server/node_modules/router/index.js:582:12)\n    at next (/Users/ajexjoshy/Documents/11jersery.com/server/node_modules/router/index.js:291:5)\n    at Function.handle (/Users/ajexjoshy/Documents/11jersery.com/server/node_modules/router/index.js:186:3)\n    at router (/Users/ajexjoshy/Documents/11jersery.com/server/node_modules/router/index.js:60:12)\n    at Layer.handleRequest (/Users/ajexjoshy/Documents/11jersery.com/server/node_modules/router/lib/layer.js:152:17)\n    at trimPrefix (/Users/ajexjoshy/Documents/11jersery.com/server/node_modules/router/index.js:342:13)\n    at /Users/ajexjoshy/Documents/11jersery.com/server/node_modules/router/index.js:297:9\n    at processParams (/Users/ajexjoshy/Documents/11jersery.com/server/node_modules/router/index.js:582:12)\n    at next (/Users/ajexjoshy/Documents/11jersery.com/server/node_modules/router/index.js:291:5)\n    at Function.handle (/Users/ajexjoshy/Documents/11jersery.com/server/node_modules/router/index.js:186:3)\n    at router (/Users/ajexjoshy/Documents/11jersery.com/server/node_modules/router/index.js:60:12)\n    at Layer.handleRequest (/Users/ajexjoshy/Documents/11jersery.com/server/node_modules/router/lib/layer.js:152:17)","status":401,"code":"UNAUTHORIZED","isOperational":true},"msg":"Authentication token is missing or invalid."}
{"level":30,"time":1765697946138,"pid":68556,"hostname":"Ajexs-MacBook-Air.local","req":{"id":12,"method":"GET","url":"/api/v1/wishlist","query":{},"params":{},"headers":{"host":"localhost:3000","connection":"keep-alive","sec-ch-ua-platform":"\"macOS\"","user-agent":"Mozilla/5.0 (Macintosh; Intel Mac OS X 10_15_7) AppleWebKit/537.36 (KHTML, like Gecko) Chrome/143.0.0.0 Safari/537.36","accept":"application/json, text/plain, */*","sec-ch-ua":"\"Google Chrome\";v=\"143\", \"Chromium\";v=\"143\", \"Not A(Brand\";v=\"24\"","sec-ch-ua-mobile":"?0","origin":"http://localhost:5173","sec-fetch-site":"same-site","sec-fetch-mode":"cors","sec-fetch-dest":"empty","referer":"http://localhost:5173/","accept-encoding":"gzip, deflate, br, zstd","accept-language":"en-US,en;q=0.9","cookie":"_ga=GA1.1.321634265.1758966740; _ga_17CEYDGRE3=GS2.1.s1759299833$o22$g1$t1759303434$j58$l0$h0; __clerk_db_jwt_8dvlqOgg=dvb_34b1ZfcMBDdYbLv8mG74bwC2pF8; __clerk_db_jwt=dvb_34b1ZfcMBDdYbLv8mG74bwC2pF8; _ga_N1DBJ8L8Q1=GS2.1.s1763277471$o66$g0$t1763277471$j60$l0$h0; __client_uat_8dvlqOgg=0; __client_uat=0","if-none-match":"W/\"fa-U65gqGN79GqxXb1/nC7BHpVd8FE\""},"remoteAddress":"::1","remotePort":65291},"res":{"statusCode":401,"headers":{"x-powered-by":"Express","access-control-allow-origin":"http://localhost:5173","vary":"Origin","access-control-allow-credentials":"true","content-type":"application/json; charset=utf-8","content-length":"89","etag":"W/\"59-FzuZhejbTUgUIxL26qtVNSa1QK0\""}},"responseTime":3,"msg":"request completed"}
{"level":50,"time":1765697946141,"pid":68556,"hostname":"Ajexs-MacBook-Air.local","err":{"type":"AppError","message":"unauthorized","stack":"Error: unauthorized\n    at file:///Users/ajexjoshy/Documents/11jersery.com/server/controllers/user/auth.controller.js:32:11\n    at file:///Users/ajexjoshy/Documents/11jersery.com/server/utils/helpers.js:25:19\n    at Layer.handleRequest (/Users/ajexjoshy/Documents/11jersery.com/server/node_modules/router/lib/layer.js:152:17)\n    at next (/Users/ajexjoshy/Documents/11jersery.com/server/node_modules/router/lib/route.js:157:13)\n    at Route.dispatch (/Users/ajexjoshy/Documents/11jersery.com/server/node_modules/router/lib/route.js:117:3)\n    at handle (/Users/ajexjoshy/Documents/11jersery.com/server/node_modules/router/index.js:435:11)\n    at Layer.handleRequest (/Users/ajexjoshy/Documents/11jersery.com/server/node_modules/router/lib/layer.js:152:17)\n    at /Users/ajexjoshy/Documents/11jersery.com/server/node_modules/router/index.js:295:15\n    at processParams (/Users/ajexjoshy/Documents/11jersery.com/server/node_modules/router/index.js:582:12)\n    at next (/Users/ajexjoshy/Documents/11jersery.com/server/node_modules/router/index.js:291:5)\n    at Function.handle (/Users/ajexjoshy/Documents/11jersery.com/server/node_modules/router/index.js:186:3)\n    at router (/Users/ajexjoshy/Documents/11jersery.com/server/node_modules/router/index.js:60:12)\n    at Layer.handleRequest (/Users/ajexjoshy/Documents/11jersery.com/server/node_modules/router/lib/layer.js:152:17)\n    at trimPrefix (/Users/ajexjoshy/Documents/11jersery.com/server/node_modules/router/index.js:342:13)\n    at /Users/ajexjoshy/Documents/11jersery.com/server/node_modules/router/index.js:297:9\n    at processParams (/Users/ajexjoshy/Documents/11jersery.com/server/node_modules/router/index.js:582:12)","status":401,"code":"UNAUTHORIZED","isOperational":true},"msg":"unauthorized"}
{"level":30,"time":1765697946142,"pid":68556,"hostname":"Ajexs-MacBook-Air.local","req":{"id":13,"method":"POST","url":"/api/v1/auth/refresh-token","query":{},"params":{},"headers":{"host":"localhost:3000","connection":"keep-alive","content-length":"0","sec-ch-ua-platform":"\"macOS\"","user-agent":"Mozilla/5.0 (Macintosh; Intel Mac OS X 10_15_7) AppleWebKit/537.36 (KHTML, like Gecko) Chrome/143.0.0.0 Safari/537.36","accept":"application/json, text/plain, */*","sec-ch-ua":"\"Google Chrome\";v=\"143\", \"Chromium\";v=\"143\", \"Not A(Brand\";v=\"24\"","sec-ch-ua-mobile":"?0","origin":"http://localhost:5173","sec-fetch-site":"same-site","sec-fetch-mode":"cors","sec-fetch-dest":"empty","referer":"http://localhost:5173/","accept-encoding":"gzip, deflate, br, zstd","accept-language":"en-US,en;q=0.9","cookie":"_ga=GA1.1.321634265.1758966740; _ga_17CEYDGRE3=GS2.1.s1759299833$o22$g1$t1759303434$j58$l0$h0; __clerk_db_jwt_8dvlqOgg=dvb_34b1ZfcMBDdYbLv8mG74bwC2pF8; __clerk_db_jwt=dvb_34b1ZfcMBDdYbLv8mG74bwC2pF8; _ga_N1DBJ8L8Q1=GS2.1.s1763277471$o66$g0$t1763277471$j60$l0$h0; __client_uat_8dvlqOgg=0; __client_uat=0"},"remoteAddress":"::1","remotePort":65291},"res":{"statusCode":401,"headers":{"x-powered-by":"Express","access-control-allow-origin":"http://localhost:5173","vary":"Origin","access-control-allow-credentials":"true","content-type":"application/json; charset=utf-8","content-length":"58","etag":"W/\"3a-iNi19GoNE3nUeFK7gD2afVe4ZEo\""}},"responseTime":2,"msg":"request completed"}
{"level":50,"time":1765697946297,"pid":68556,"hostname":"Ajexs-MacBook-Air.local","msg":"Redis connection error: AggregateError"}
{"level":50,"time":1765697948305,"pid":68556,"hostname":"Ajexs-MacBook-Air.local","msg":"Redis connection error: AggregateError"}
{"level":50,"time":1765697950123,"pid":68556,"hostname":"Ajexs-MacBook-Air.local","err":{"type":"AppError","message":"Authentication token is missing or invalid.","stack":"Error: Authentication token is missing or invalid.\n    at authenticateUser (file:///Users/ajexjoshy/Documents/11jersery.com/server/middlewares/user/authenticate-user.js:12:13)\n    at Layer.handleRequest (/Users/ajexjoshy/Documents/11jersery.com/server/node_modules/router/lib/layer.js:152:17)\n    at trimPrefix (/Users/ajexjoshy/Documents/11jersery.com/server/node_modules/router/index.js:342:13)\n    at /Users/ajexjoshy/Documents/11jersery.com/server/node_modules/router/index.js:297:9\n    at processParams (/Users/ajexjoshy/Documents/11jersery.com/server/node_modules/router/index.js:582:12)\n    at next (/Users/ajexjoshy/Documents/11jersery.com/server/node_modules/router/index.js:291:5)\n    at Function.handle (/Users/ajexjoshy/Documents/11jersery.com/server/node_modules/router/index.js:186:3)\n    at router (/Users/ajexjoshy/Documents/11jersery.com/server/node_modules/router/index.js:60:12)\n    at Layer.handleRequest (/Users/ajexjoshy/Documents/11jersery.com/server/node_modules/router/lib/layer.js:152:17)\n    at trimPrefix (/Users/ajexjoshy/Documents/11jersery.com/server/node_modules/router/index.js:342:13)\n    at /Users/ajexjoshy/Documents/11jersery.com/server/node_modules/router/index.js:297:9\n    at processParams (/Users/ajexjoshy/Documents/11jersery.com/server/node_modules/router/index.js:582:12)\n    at next (/Users/ajexjoshy/Documents/11jersery.com/server/node_modules/router/index.js:291:5)\n    at Function.handle (/Users/ajexjoshy/Documents/11jersery.com/server/node_modules/router/index.js:186:3)\n    at router (/Users/ajexjoshy/Documents/11jersery.com/server/node_modules/router/index.js:60:12)\n    at Layer.handleRequest (/Users/ajexjoshy/Documents/11jersery.com/server/node_modules/router/lib/layer.js:152:17)","status":401,"code":"UNAUTHORIZED","isOperational":true},"msg":"Authentication token is missing or invalid."}
{"level":30,"time":1765697950126,"pid":68556,"hostname":"Ajexs-MacBook-Air.local","req":{"id":14,"method":"GET","url":"/api/v1/cart","query":{},"params":{},"headers":{"host":"localhost:3000","connection":"keep-alive","sec-ch-ua-platform":"\"macOS\"","user-agent":"Mozilla/5.0 (Macintosh; Intel Mac OS X 10_15_7) AppleWebKit/537.36 (KHTML, like Gecko) Chrome/143.0.0.0 Safari/537.36","accept":"application/json, text/plain, */*","sec-ch-ua":"\"Google Chrome\";v=\"143\", \"Chromium\";v=\"143\", \"Not A(Brand\";v=\"24\"","sec-ch-ua-mobile":"?0","origin":"http://localhost:5173","sec-fetch-site":"same-site","sec-fetch-mode":"cors","sec-fetch-dest":"empty","referer":"http://localhost:5173/","accept-encoding":"gzip, deflate, br, zstd","accept-language":"en-US,en;q=0.9","cookie":"_ga=GA1.1.321634265.1758966740; _ga_17CEYDGRE3=GS2.1.s1759299833$o22$g1$t1759303434$j58$l0$h0; __clerk_db_jwt_8dvlqOgg=dvb_34b1ZfcMBDdYbLv8mG74bwC2pF8; __clerk_db_jwt=dvb_34b1ZfcMBDdYbLv8mG74bwC2pF8; _ga_N1DBJ8L8Q1=GS2.1.s1763277471$o66$g0$t1763277471$j60$l0$h0; __client_uat_8dvlqOgg=0; __client_uat=0","if-none-match":"W/\"3ce-FNdKiRPFOBpUhVDmD249FQx7to8\""},"remoteAddress":"::1","remotePort":65301},"res":{"statusCode":401,"headers":{"x-powered-by":"Express","access-control-allow-origin":"http://localhost:5173","vary":"Origin","access-control-allow-credentials":"true","content-type":"application/json; charset=utf-8","content-length":"89","etag":"W/\"59-FzuZhejbTUgUIxL26qtVNSa1QK0\""}},"responseTime":4,"msg":"request completed"}
{"level":50,"time":1765697950131,"pid":68556,"hostname":"Ajexs-MacBook-Air.local","err":{"type":"AppError","message":"unauthorized","stack":"Error: unauthorized\n    at file:///Users/ajexjoshy/Documents/11jersery.com/server/controllers/user/auth.controller.js:32:11\n    at file:///Users/ajexjoshy/Documents/11jersery.com/server/utils/helpers.js:25:19\n    at Layer.handleRequest (/Users/ajexjoshy/Documents/11jersery.com/server/node_modules/router/lib/layer.js:152:17)\n    at next (/Users/ajexjoshy/Documents/11jersery.com/server/node_modules/router/lib/route.js:157:13)\n    at Route.dispatch (/Users/ajexjoshy/Documents/11jersery.com/server/node_modules/router/lib/route.js:117:3)\n    at handle (/Users/ajexjoshy/Documents/11jersery.com/server/node_modules/router/index.js:435:11)\n    at Layer.handleRequest (/Users/ajexjoshy/Documents/11jersery.com/server/node_modules/router/lib/layer.js:152:17)\n    at /Users/ajexjoshy/Documents/11jersery.com/server/node_modules/router/index.js:295:15\n    at processParams (/Users/ajexjoshy/Documents/11jersery.com/server/node_modules/router/index.js:582:12)\n    at next (/Users/ajexjoshy/Documents/11jersery.com/server/node_modules/router/index.js:291:5)\n    at Function.handle (/Users/ajexjoshy/Documents/11jersery.com/server/node_modules/router/index.js:186:3)\n    at router (/Users/ajexjoshy/Documents/11jersery.com/server/node_modules/router/index.js:60:12)\n    at Layer.handleRequest (/Users/ajexjoshy/Documents/11jersery.com/server/node_modules/router/lib/layer.js:152:17)\n    at trimPrefix (/Users/ajexjoshy/Documents/11jersery.com/server/node_modules/router/index.js:342:13)\n    at /Users/ajexjoshy/Documents/11jersery.com/server/node_modules/router/index.js:297:9\n    at processParams (/Users/ajexjoshy/Documents/11jersery.com/server/node_modules/router/index.js:582:12)","status":401,"code":"UNAUTHORIZED","isOperational":true},"msg":"unauthorized"}
{"level":30,"time":1765697950132,"pid":68556,"hostname":"Ajexs-MacBook-Air.local","req":{"id":15,"method":"POST","url":"/api/v1/auth/refresh-token","query":{},"params":{},"headers":{"host":"localhost:3000","connection":"keep-alive","content-length":"0","sec-ch-ua-platform":"\"macOS\"","user-agent":"Mozilla/5.0 (Macintosh; Intel Mac OS X 10_15_7) AppleWebKit/537.36 (KHTML, like Gecko) Chrome/143.0.0.0 Safari/537.36","accept":"application/json, text/plain, */*","sec-ch-ua":"\"Google Chrome\";v=\"143\", \"Chromium\";v=\"143\", \"Not A(Brand\";v=\"24\"","sec-ch-ua-mobile":"?0","origin":"http://localhost:5173","sec-fetch-site":"same-site","sec-fetch-mode":"cors","sec-fetch-dest":"empty","referer":"http://localhost:5173/","accept-encoding":"gzip, deflate, br, zstd","accept-language":"en-US,en;q=0.9","cookie":"_ga=GA1.1.321634265.1758966740; _ga_17CEYDGRE3=GS2.1.s1759299833$o22$g1$t1759303434$j58$l0$h0; __clerk_db_jwt_8dvlqOgg=dvb_34b1ZfcMBDdYbLv8mG74bwC2pF8; __clerk_db_jwt=dvb_34b1ZfcMBDdYbLv8mG74bwC2pF8; _ga_N1DBJ8L8Q1=GS2.1.s1763277471$o66$g0$t1763277471$j60$l0$h0; __client_uat_8dvlqOgg=0; __client_uat=0"},"remoteAddress":"::1","remotePort":65301},"res":{"statusCode":401,"headers":{"x-powered-by":"Express","access-control-allow-origin":"http://localhost:5173","vary":"Origin","access-control-allow-credentials":"true","content-type":"application/json; charset=utf-8","content-length":"58","etag":"W/\"3a-iNi19GoNE3nUeFK7gD2afVe4ZEo\""}},"responseTime":1,"msg":"request completed"}
{"level":50,"time":1765697950149,"pid":68556,"hostname":"Ajexs-MacBook-Air.local","err":{"type":"AppError","message":"Authentication token is missing or invalid.","stack":"Error: Authentication token is missing or invalid.\n    at authenticateUser (file:///Users/ajexjoshy/Documents/11jersery.com/server/middlewares/user/authenticate-user.js:12:13)\n    at Layer.handleRequest (/Users/ajexjoshy/Documents/11jersery.com/server/node_modules/router/lib/layer.js:152:17)\n    at trimPrefix (/Users/ajexjoshy/Documents/11jersery.com/server/node_modules/router/index.js:342:13)\n    at /Users/ajexjoshy/Documents/11jersery.com/server/node_modules/router/index.js:297:9\n    at processParams (/Users/ajexjoshy/Documents/11jersery.com/server/node_modules/router/index.js:582:12)\n    at next (/Users/ajexjoshy/Documents/11jersery.com/server/node_modules/router/index.js:291:5)\n    at Function.handle (/Users/ajexjoshy/Documents/11jersery.com/server/node_modules/router/index.js:186:3)\n    at router (/Users/ajexjoshy/Documents/11jersery.com/server/node_modules/router/index.js:60:12)\n    at Layer.handleRequest (/Users/ajexjoshy/Documents/11jersery.com/server/node_modules/router/lib/layer.js:152:17)\n    at trimPrefix (/Users/ajexjoshy/Documents/11jersery.com/server/node_modules/router/index.js:342:13)\n    at /Users/ajexjoshy/Documents/11jersery.com/server/node_modules/router/index.js:297:9\n    at processParams (/Users/ajexjoshy/Documents/11jersery.com/server/node_modules/router/index.js:582:12)\n    at next (/Users/ajexjoshy/Documents/11jersery.com/server/node_modules/router/index.js:291:5)\n    at Function.handle (/Users/ajexjoshy/Documents/11jersery.com/server/node_modules/router/index.js:186:3)\n    at router (/Users/ajexjoshy/Documents/11jersery.com/server/node_modules/router/index.js:60:12)\n    at Layer.handleRequest (/Users/ajexjoshy/Documents/11jersery.com/server/node_modules/router/lib/layer.js:152:17)","status":401,"code":"UNAUTHORIZED","isOperational":true},"msg":"Authentication token is missing or invalid."}
{"level":30,"time":1765697950149,"pid":68556,"hostname":"Ajexs-MacBook-Air.local","req":{"id":16,"method":"GET","url":"/api/v1/wishlist","query":{},"params":{},"headers":{"host":"localhost:3000","connection":"keep-alive","sec-ch-ua-platform":"\"macOS\"","user-agent":"Mozilla/5.0 (Macintosh; Intel Mac OS X 10_15_7) AppleWebKit/537.36 (KHTML, like Gecko) Chrome/143.0.0.0 Safari/537.36","accept":"application/json, text/plain, */*","sec-ch-ua":"\"Google Chrome\";v=\"143\", \"Chromium\";v=\"143\", \"Not A(Brand\";v=\"24\"","sec-ch-ua-mobile":"?0","origin":"http://localhost:5173","sec-fetch-site":"same-site","sec-fetch-mode":"cors","sec-fetch-dest":"empty","referer":"http://localhost:5173/","accept-encoding":"gzip, deflate, br, zstd","accept-language":"en-US,en;q=0.9","cookie":"_ga=GA1.1.321634265.1758966740; _ga_17CEYDGRE3=GS2.1.s1759299833$o22$g1$t1759303434$j58$l0$h0; __clerk_db_jwt_8dvlqOgg=dvb_34b1ZfcMBDdYbLv8mG74bwC2pF8; __clerk_db_jwt=dvb_34b1ZfcMBDdYbLv8mG74bwC2pF8; _ga_N1DBJ8L8Q1=GS2.1.s1763277471$o66$g0$t1763277471$j60$l0$h0; __client_uat_8dvlqOgg=0; __client_uat=0","if-none-match":"W/\"fa-U65gqGN79GqxXb1/nC7BHpVd8FE\""},"remoteAddress":"::1","remotePort":65301},"res":{"statusCode":401,"headers":{"x-powered-by":"Express","access-control-allow-origin":"http://localhost:5173","vary":"Origin","access-control-allow-credentials":"true","content-type":"application/json; charset=utf-8","content-length":"89","etag":"W/\"59-FzuZhejbTUgUIxL26qtVNSa1QK0\""}},"responseTime":0,"msg":"request completed"}
{"level":50,"time":1765697950153,"pid":68556,"hostname":"Ajexs-MacBook-Air.local","err":{"type":"AppError","message":"unauthorized","stack":"Error: unauthorized\n    at file:///Users/ajexjoshy/Documents/11jersery.com/server/controllers/user/auth.controller.js:32:11\n    at file:///Users/ajexjoshy/Documents/11jersery.com/server/utils/helpers.js:25:19\n    at Layer.handleRequest (/Users/ajexjoshy/Documents/11jersery.com/server/node_modules/router/lib/layer.js:152:17)\n    at next (/Users/ajexjoshy/Documents/11jersery.com/server/node_modules/router/lib/route.js:157:13)\n    at Route.dispatch (/Users/ajexjoshy/Documents/11jersery.com/server/node_modules/router/lib/route.js:117:3)\n    at handle (/Users/ajexjoshy/Documents/11jersery.com/server/node_modules/router/index.js:435:11)\n    at Layer.handleRequest (/Users/ajexjoshy/Documents/11jersery.com/server/node_modules/router/lib/layer.js:152:17)\n    at /Users/ajexjoshy/Documents/11jersery.com/server/node_modules/router/index.js:295:15\n    at processParams (/Users/ajexjoshy/Documents/11jersery.com/server/node_modules/router/index.js:582:12)\n    at next (/Users/ajexjoshy/Documents/11jersery.com/server/node_modules/router/index.js:291:5)\n    at Function.handle (/Users/ajexjoshy/Documents/11jersery.com/server/node_modules/router/index.js:186:3)\n    at router (/Users/ajexjoshy/Documents/11jersery.com/server/node_modules/router/index.js:60:12)\n    at Layer.handleRequest (/Users/ajexjoshy/Documents/11jersery.com/server/node_modules/router/lib/layer.js:152:17)\n    at trimPrefix (/Users/ajexjoshy/Documents/11jersery.com/server/node_modules/router/index.js:342:13)\n    at /Users/ajexjoshy/Documents/11jersery.com/server/node_modules/router/index.js:297:9\n    at processParams (/Users/ajexjoshy/Documents/11jersery.com/server/node_modules/router/index.js:582:12)","status":401,"code":"UNAUTHORIZED","isOperational":true},"msg":"unauthorized"}
{"level":30,"time":1765697950154,"pid":68556,"hostname":"Ajexs-MacBook-Air.local","req":{"id":17,"method":"POST","url":"/api/v1/auth/refresh-token","query":{},"params":{},"headers":{"host":"localhost:3000","connection":"keep-alive","content-length":"0","sec-ch-ua-platform":"\"macOS\"","user-agent":"Mozilla/5.0 (Macintosh; Intel Mac OS X 10_15_7) AppleWebKit/537.36 (KHTML, like Gecko) Chrome/143.0.0.0 Safari/537.36","accept":"application/json, text/plain, */*","sec-ch-ua":"\"Google Chrome\";v=\"143\", \"Chromium\";v=\"143\", \"Not A(Brand\";v=\"24\"","sec-ch-ua-mobile":"?0","origin":"http://localhost:5173","sec-fetch-site":"same-site","sec-fetch-mode":"cors","sec-fetch-dest":"empty","referer":"http://localhost:5173/","accept-encoding":"gzip, deflate, br, zstd","accept-language":"en-US,en;q=0.9","cookie":"_ga=GA1.1.321634265.1758966740; _ga_17CEYDGRE3=GS2.1.s1759299833$o22$g1$t1759303434$j58$l0$h0; __clerk_db_jwt_8dvlqOgg=dvb_34b1ZfcMBDdYbLv8mG74bwC2pF8; __clerk_db_jwt=dvb_34b1ZfcMBDdYbLv8mG74bwC2pF8; _ga_N1DBJ8L8Q1=GS2.1.s1763277471$o66$g0$t1763277471$j60$l0$h0; __client_uat_8dvlqOgg=0; __client_uat=0"},"remoteAddress":"::1","remotePort":65301},"res":{"statusCode":401,"headers":{"x-powered-by":"Express","access-control-allow-origin":"http://localhost:5173","vary":"Origin","access-control-allow-credentials":"true","content-type":"application/json; charset=utf-8","content-length":"58","etag":"W/\"3a-iNi19GoNE3nUeFK7gD2afVe4ZEo\""}},"responseTime":1,"msg":"request completed"}
{"level":50,"time":1765697950309,"pid":68556,"hostname":"Ajexs-MacBook-Air.local","msg":"Redis connection error: AggregateError"}
{"level":50,"time":1765697952315,"pid":68556,"hostname":"Ajexs-MacBook-Air.local","msg":"Redis connection error: AggregateError"}
{"level":50,"time":1765697954317,"pid":68556,"hostname":"Ajexs-MacBook-Air.local","msg":"Redis connection error: AggregateError"}
